<?xml version="1.0" encoding="UTF-8"?>
<testsuite xmlns:xsi="http://www.w3.org/2001/XMLSchema-instance" xsi:noNamespaceSchemaLocation="https://maven.apache.org/surefire/maven-surefire-plugin/xsd/surefire-test-report.xsd" name="a.MyDisk.AppTest" time="17.718" tests="1" errors="0" skipped="0" failures="0">
  <properties>
    <property name="sun.desktop" value="windows"/>
    <property name="awt.toolkit" value="sun.awt.windows.WToolkit"/>
    <property name="file.encoding.pkg" value="sun.io"/>
    <property name="java.specification.version" value="1.8"/>
    <property name="sun.cpu.isalist" value="amd64"/>
    <property name="sun.jnu.encoding" value="GBK"/>
    <property name="java.class.path" value="F:\MyProjects\MyDisk\target\test-classes;F:\MyProjects\MyDisk\target\classes;D:\durry\maven\MavenRepository\org\springframework\boot\spring-boot-starter-web\2.1.2.RELEASE\spring-boot-starter-web-2.1.2.RELEASE.jar;D:\durry\maven\MavenRepository\org\springframework\boot\spring-boot-starter\2.1.2.RELEASE\spring-boot-starter-2.1.2.RELEASE.jar;D:\durry\maven\MavenRepository\javax\annotation\javax.annotation-api\1.3.2\javax.annotation-api-1.3.2.jar;D:\durry\maven\MavenRepository\org\yaml\snakeyaml\1.23\snakeyaml-1.23.jar;D:\durry\maven\MavenRepository\org\springframework\boot\spring-boot-starter-json\2.1.2.RELEASE\spring-boot-starter-json-2.1.2.RELEASE.jar;D:\durry\maven\MavenRepository\com\fasterxml\jackson\core\jackson-databind\2.9.8\jackson-databind-2.9.8.jar;D:\durry\maven\MavenRepository\com\fasterxml\jackson\core\jackson-annotations\2.9.0\jackson-annotations-2.9.0.jar;D:\durry\maven\MavenRepository\com\fasterxml\jackson\core\jackson-core\2.9.8\jackson-core-2.9.8.jar;D:\durry\maven\MavenRepository\com\fasterxml\jackson\datatype\jackson-datatype-jdk8\2.9.8\jackson-datatype-jdk8-2.9.8.jar;D:\durry\maven\MavenRepository\com\fasterxml\jackson\datatype\jackson-datatype-jsr310\2.9.8\jackson-datatype-jsr310-2.9.8.jar;D:\durry\maven\MavenRepository\com\fasterxml\jackson\module\jackson-module-parameter-names\2.9.8\jackson-module-parameter-names-2.9.8.jar;D:\durry\maven\MavenRepository\org\hibernate\validator\hibernate-validator\6.0.14.Final\hibernate-validator-6.0.14.Final.jar;D:\durry\maven\MavenRepository\javax\validation\validation-api\2.0.1.Final\validation-api-2.0.1.Final.jar;D:\durry\maven\MavenRepository\org\jboss\logging\jboss-logging\3.3.2.Final\jboss-logging-3.3.2.Final.jar;D:\durry\maven\MavenRepository\com\fasterxml\classmate\1.4.0\classmate-1.4.0.jar;D:\durry\maven\MavenRepository\org\springframework\spring-web\5.1.4.RELEASE\spring-web-5.1.4.RELEASE.jar;D:\durry\maven\MavenRepository\org\springframework\spring-webmvc\5.1.4.RELEASE\spring-webmvc-5.1.4.RELEASE.jar;D:\durry\maven\MavenRepository\org\springframework\spring-context\5.1.4.RELEASE\spring-context-5.1.4.RELEASE.jar;D:\durry\maven\MavenRepository\org\springframework\spring-expression\5.1.4.RELEASE\spring-expression-5.1.4.RELEASE.jar;D:\durry\maven\MavenRepository\org\springframework\boot\spring-boot-starter-log4j\1.3.8.RELEASE\spring-boot-starter-log4j-1.3.8.RELEASE.jar;D:\durry\maven\MavenRepository\org\slf4j\jcl-over-slf4j\1.7.25\jcl-over-slf4j-1.7.25.jar;D:\durry\maven\MavenRepository\org\slf4j\jul-to-slf4j\1.7.25\jul-to-slf4j-1.7.25.jar;D:\durry\maven\MavenRepository\org\slf4j\slf4j-log4j12\1.7.25\slf4j-log4j12-1.7.25.jar;D:\durry\maven\MavenRepository\log4j\log4j\1.2.17\log4j-1.2.17.jar;D:\durry\maven\MavenRepository\org\springframework\boot\spring-boot-starter-undertow\2.1.2.RELEASE\spring-boot-starter-undertow-2.1.2.RELEASE.jar;D:\durry\maven\MavenRepository\io\undertow\undertow-core\2.0.16.Final\undertow-core-2.0.16.Final.jar;D:\durry\maven\MavenRepository\org\jboss\xnio\xnio-api\3.3.8.Final\xnio-api-3.3.8.Final.jar;D:\durry\maven\MavenRepository\org\jboss\xnio\xnio-nio\3.3.8.Final\xnio-nio-3.3.8.Final.jar;D:\durry\maven\MavenRepository\io\undertow\undertow-servlet\2.0.16.Final\undertow-servlet-2.0.16.Final.jar;D:\durry\maven\MavenRepository\org\jboss\spec\javax\annotation\jboss-annotations-api_1.2_spec\1.0.2.Final\jboss-annotations-api_1.2_spec-1.0.2.Final.jar;D:\durry\maven\MavenRepository\io\undertow\undertow-websockets-jsr\2.0.16.Final\undertow-websockets-jsr-2.0.16.Final.jar;D:\durry\maven\MavenRepository\org\jboss\spec\javax\websocket\jboss-websocket-api_1.1_spec\1.1.3.Final\jboss-websocket-api_1.1_spec-1.1.3.Final.jar;D:\durry\maven\MavenRepository\javax\servlet\javax.servlet-api\4.0.1\javax.servlet-api-4.0.1.jar;D:\durry\maven\MavenRepository\org\glassfish\javax.el\3.0.0\javax.el-3.0.0.jar;D:\durry\maven\MavenRepository\org\springframework\boot\spring-boot-devtools\2.1.2.RELEASE\spring-boot-devtools-2.1.2.RELEASE.jar;D:\durry\maven\MavenRepository\org\springframework\boot\spring-boot\2.1.2.RELEASE\spring-boot-2.1.2.RELEASE.jar;D:\durry\maven\MavenRepository\org\springframework\boot\spring-boot-autoconfigure\2.1.2.RELEASE\spring-boot-autoconfigure-2.1.2.RELEASE.jar;D:\durry\maven\MavenRepository\org\springframework\spring-core\5.2.4.RELEASE\spring-core-5.2.4.RELEASE.jar;D:\durry\maven\MavenRepository\org\springframework\spring-jcl\5.1.4.RELEASE\spring-jcl-5.1.4.RELEASE.jar;D:\durry\maven\MavenRepository\org\springframework\spring-jdbc\5.2.4.RELEASE\spring-jdbc-5.2.4.RELEASE.jar;D:\durry\maven\MavenRepository\org\springframework\spring-beans\5.1.4.RELEASE\spring-beans-5.1.4.RELEASE.jar;D:\durry\maven\MavenRepository\org\springframework\spring-tx\5.1.4.RELEASE\spring-tx-5.1.4.RELEASE.jar;D:\durry\maven\MavenRepository\com\google\code\gson\gson\2.8.2\gson-2.8.2.jar;D:\durry\maven\MavenRepository\org\springframework\spring-aop\5.2.4.RELEASE\spring-aop-5.2.4.RELEASE.jar;D:\durry\maven\MavenRepository\org\springframework\boot\spring-boot-starter-test\2.1.2.RELEASE\spring-boot-starter-test-2.1.2.RELEASE.jar;D:\durry\maven\MavenRepository\org\springframework\boot\spring-boot-test\2.1.2.RELEASE\spring-boot-test-2.1.2.RELEASE.jar;D:\durry\maven\MavenRepository\org\springframework\boot\spring-boot-test-autoconfigure\2.1.2.RELEASE\spring-boot-test-autoconfigure-2.1.2.RELEASE.jar;D:\durry\maven\MavenRepository\com\jayway\jsonpath\json-path\2.4.0\json-path-2.4.0.jar;D:\durry\maven\MavenRepository\net\minidev\json-smart\2.3\json-smart-2.3.jar;D:\durry\maven\MavenRepository\net\minidev\accessors-smart\1.2\accessors-smart-1.2.jar;D:\durry\maven\MavenRepository\org\ow2\asm\asm\5.0.4\asm-5.0.4.jar;D:\durry\maven\MavenRepository\junit\junit\4.12\junit-4.12.jar;D:\durry\maven\MavenRepository\org\assertj\assertj-core\3.11.1\assertj-core-3.11.1.jar;D:\durry\maven\MavenRepository\org\mockito\mockito-core\2.23.4\mockito-core-2.23.4.jar;D:\durry\maven\MavenRepository\net\bytebuddy\byte-buddy\1.9.7\byte-buddy-1.9.7.jar;D:\durry\maven\MavenRepository\net\bytebuddy\byte-buddy-agent\1.9.7\byte-buddy-agent-1.9.7.jar;D:\durry\maven\MavenRepository\org\objenesis\objenesis\2.6\objenesis-2.6.jar;D:\durry\maven\MavenRepository\org\hamcrest\hamcrest-core\1.3\hamcrest-core-1.3.jar;D:\durry\maven\MavenRepository\org\hamcrest\hamcrest-library\1.3\hamcrest-library-1.3.jar;D:\durry\maven\MavenRepository\org\skyscreamer\jsonassert\1.5.0\jsonassert-1.5.0.jar;D:\durry\maven\MavenRepository\com\vaadin\external\google\android-json\0.0.20131108.vaadin1\android-json-0.0.20131108.vaadin1.jar;D:\durry\maven\MavenRepository\org\springframework\spring-test\5.1.4.RELEASE\spring-test-5.1.4.RELEASE.jar;D:\durry\maven\MavenRepository\org\xmlunit\xmlunit-core\2.6.2\xmlunit-core-2.6.2.jar;D:\durry\maven\MavenRepository\com\alibaba\fastjson\1.2.15\fastjson-1.2.15.jar;D:\durry\maven\MavenRepository\org\apache\hadoop\hadoop-common\2.5.2\hadoop-common-2.5.2.jar;D:\durry\maven\MavenRepository\org\apache\hadoop\hadoop-annotations\2.5.2\hadoop-annotations-2.5.2.jar;D:\durry\java\Java\jdk1.8.0_65\jre\..\lib\tools.jar;D:\durry\maven\MavenRepository\com\google\guava\guava\11.0.2\guava-11.0.2.jar;D:\durry\maven\MavenRepository\commons-cli\commons-cli\1.2\commons-cli-1.2.jar;D:\durry\maven\MavenRepository\org\apache\commons\commons-math3\3.1.1\commons-math3-3.1.1.jar;D:\durry\maven\MavenRepository\xmlenc\xmlenc\0.52\xmlenc-0.52.jar;D:\durry\maven\MavenRepository\commons-httpclient\commons-httpclient\3.1\commons-httpclient-3.1.jar;D:\durry\maven\MavenRepository\commons-codec\commons-codec\1.11\commons-codec-1.11.jar;D:\durry\maven\MavenRepository\commons-io\commons-io\2.4\commons-io-2.4.jar;D:\durry\maven\MavenRepository\commons-net\commons-net\3.1\commons-net-3.1.jar;D:\durry\maven\MavenRepository\commons-collections\commons-collections\3.2.1\commons-collections-3.2.1.jar;D:\durry\maven\MavenRepository\javax\servlet\servlet-api\2.5\servlet-api-2.5.jar;D:\durry\maven\MavenRepository\org\mortbay\jetty\jetty\6.1.26\jetty-6.1.26.jar;D:\durry\maven\MavenRepository\org\mortbay\jetty\jetty-util\6.1.26\jetty-util-6.1.26.jar;D:\durry\maven\MavenRepository\com\sun\jersey\jersey-core\1.9\jersey-core-1.9.jar;D:\durry\maven\MavenRepository\com\sun\jersey\jersey-json\1.9\jersey-json-1.9.jar;D:\durry\maven\MavenRepository\org\codehaus\jettison\jettison\1.1\jettison-1.1.jar;D:\durry\maven\MavenRepository\com\sun\xml\bind\jaxb-impl\2.2.3-1\jaxb-impl-2.2.3-1.jar;D:\durry\maven\MavenRepository\javax\xml\bind\jaxb-api\2.3.1\jaxb-api-2.3.1.jar;D:\durry\maven\MavenRepository\javax\activation\javax.activation-api\1.2.0\javax.activation-api-1.2.0.jar;D:\durry\maven\MavenRepository\org\codehaus\jackson\jackson-jaxrs\1.8.3\jackson-jaxrs-1.8.3.jar;D:\durry\maven\MavenRepository\org\codehaus\jackson\jackson-xc\1.8.3\jackson-xc-1.8.3.jar;D:\durry\maven\MavenRepository\com\sun\jersey\jersey-server\1.9\jersey-server-1.9.jar;D:\durry\maven\MavenRepository\asm\asm\3.1\asm-3.1.jar;D:\durry\maven\MavenRepository\tomcat\jasper-compiler\5.5.23\jasper-compiler-5.5.23.jar;D:\durry\maven\MavenRepository\tomcat\jasper-runtime\5.5.23\jasper-runtime-5.5.23.jar;D:\durry\maven\MavenRepository\javax\servlet\jsp\jsp-api\2.1\jsp-api-2.1.jar;D:\durry\maven\MavenRepository\commons-el\commons-el\1.0\commons-el-1.0.jar;D:\durry\maven\MavenRepository\commons-logging\commons-logging\1.1.3\commons-logging-1.1.3.jar;D:\durry\maven\MavenRepository\net\java\dev\jets3t\jets3t\0.9.0\jets3t-0.9.0.jar;D:\durry\maven\MavenRepository\org\apache\httpcomponents\httpclient\4.5.6\httpclient-4.5.6.jar;D:\durry\maven\MavenRepository\org\apache\httpcomponents\httpcore\4.4.10\httpcore-4.4.10.jar;D:\durry\maven\MavenRepository\com\jamesmurty\utils\java-xmlbuilder\0.4\java-xmlbuilder-0.4.jar;D:\durry\maven\MavenRepository\commons-lang\commons-lang\2.6\commons-lang-2.6.jar;D:\durry\maven\MavenRepository\commons-configuration\commons-configuration\1.6\commons-configuration-1.6.jar;D:\durry\maven\MavenRepository\commons-digester\commons-digester\1.8\commons-digester-1.8.jar;D:\durry\maven\MavenRepository\commons-beanutils\commons-beanutils\1.7.0\commons-beanutils-1.7.0.jar;D:\durry\maven\MavenRepository\commons-beanutils\commons-beanutils-core\1.8.0\commons-beanutils-core-1.8.0.jar;D:\durry\maven\MavenRepository\org\slf4j\slf4j-api\1.7.25\slf4j-api-1.7.25.jar;D:\durry\maven\MavenRepository\org\codehaus\jackson\jackson-core-asl\1.9.13\jackson-core-asl-1.9.13.jar;D:\durry\maven\MavenRepository\org\codehaus\jackson\jackson-mapper-asl\1.9.13\jackson-mapper-asl-1.9.13.jar;D:\durry\maven\MavenRepository\org\apache\avro\avro\1.7.4\avro-1.7.4.jar;D:\durry\maven\MavenRepository\com\thoughtworks\paranamer\paranamer\2.3\paranamer-2.3.jar;D:\durry\maven\MavenRepository\org\xerial\snappy\snappy-java\1.0.4.1\snappy-java-1.0.4.1.jar;D:\durry\maven\MavenRepository\com\google\protobuf\protobuf-java\2.5.0\protobuf-java-2.5.0.jar;D:\durry\maven\MavenRepository\org\apache\hadoop\hadoop-auth\2.5.2\hadoop-auth-2.5.2.jar;D:\durry\maven\MavenRepository\org\apache\directory\server\apacheds-kerberos-codec\2.0.0-M15\apacheds-kerberos-codec-2.0.0-M15.jar;D:\durry\maven\MavenRepository\org\apache\directory\server\apacheds-i18n\2.0.0-M15\apacheds-i18n-2.0.0-M15.jar;D:\durry\maven\MavenRepository\org\apache\directory\api\api-asn1-api\1.0.0-M20\api-asn1-api-1.0.0-M20.jar;D:\durry\maven\MavenRepository\org\apache\directory\api\api-util\1.0.0-M20\api-util-1.0.0-M20.jar;D:\durry\maven\MavenRepository\com\jcraft\jsch\0.1.42\jsch-0.1.42.jar;D:\durry\maven\MavenRepository\com\google\code\findbugs\jsr305\1.3.9\jsr305-1.3.9.jar;D:\durry\maven\MavenRepository\org\apache\zookeeper\zookeeper\3.4.6\zookeeper-3.4.6.jar;D:\durry\maven\MavenRepository\org\apache\commons\commons-compress\1.4.1\commons-compress-1.4.1.jar;D:\durry\maven\MavenRepository\org\tukaani\xz\1.0\xz-1.0.jar;D:\durry\maven\MavenRepository\org\apache\hadoop\hadoop-hdfs\2.5.2\hadoop-hdfs-2.5.2.jar;D:\durry\maven\MavenRepository\commons-daemon\commons-daemon\1.0.13\commons-daemon-1.0.13.jar;D:\durry\maven\MavenRepository\io\netty\netty\3.6.2.Final\netty-3.6.2.Final.jar;D:\durry\maven\MavenRepository\org\apache\hadoop\hadoop-client\2.5.2\hadoop-client-2.5.2.jar;D:\durry\maven\MavenRepository\org\apache\hadoop\hadoop-mapreduce-client-app\2.5.2\hadoop-mapreduce-client-app-2.5.2.jar;D:\durry\maven\MavenRepository\org\apache\hadoop\hadoop-mapreduce-client-common\2.5.2\hadoop-mapreduce-client-common-2.5.2.jar;D:\durry\maven\MavenRepository\org\apache\hadoop\hadoop-yarn-client\2.5.2\hadoop-yarn-client-2.5.2.jar;D:\durry\maven\MavenRepository\com\sun\jersey\jersey-client\1.9\jersey-client-1.9.jar;D:\durry\maven\MavenRepository\org\apache\hadoop\hadoop-yarn-server-common\2.5.2\hadoop-yarn-server-common-2.5.2.jar;D:\durry\maven\MavenRepository\org\apache\hadoop\hadoop-mapreduce-client-shuffle\2.5.2\hadoop-mapreduce-client-shuffle-2.5.2.jar;D:\durry\maven\MavenRepository\org\fusesource\leveldbjni\leveldbjni-all\1.8\leveldbjni-all-1.8.jar;D:\durry\maven\MavenRepository\org\apache\hadoop\hadoop-yarn-api\2.5.2\hadoop-yarn-api-2.5.2.jar;D:\durry\maven\MavenRepository\org\apache\hadoop\hadoop-mapreduce-client-core\2.5.2\hadoop-mapreduce-client-core-2.5.2.jar;D:\durry\maven\MavenRepository\org\apache\hadoop\hadoop-yarn-common\2.5.2\hadoop-yarn-common-2.5.2.jar;D:\durry\maven\MavenRepository\org\apache\hadoop\hadoop-mapreduce-client-jobclient\2.5.2\hadoop-mapreduce-client-jobclient-2.5.2.jar;D:\durry\maven\MavenRepository\org\mybatis\spring\boot\mybatis-spring-boot-starter\2.0.0\mybatis-spring-boot-starter-2.0.0.jar;D:\durry\maven\MavenRepository\org\springframework\boot\spring-boot-starter-jdbc\2.1.2.RELEASE\spring-boot-starter-jdbc-2.1.2.RELEASE.jar;D:\durry\maven\MavenRepository\com\zaxxer\HikariCP\3.2.0\HikariCP-3.2.0.jar;D:\durry\maven\MavenRepository\org\mybatis\spring\boot\mybatis-spring-boot-autoconfigure\2.0.0\mybatis-spring-boot-autoconfigure-2.0.0.jar;D:\durry\maven\MavenRepository\org\mybatis\mybatis\3.5.0\mybatis-3.5.0.jar;D:\durry\maven\MavenRepository\org\mybatis\mybatis-spring\2.0.0\mybatis-spring-2.0.0.jar;D:\durry\maven\MavenRepository\mysql\mysql-connector-java\5.1.38\mysql-connector-java-5.1.38.jar;"/>
    <property name="java.vm.vendor" value="Oracle Corporation"/>
    <property name="sun.arch.data.model" value="64"/>
    <property name="user.variant" value=""/>
    <property name="java.vendor.url" value="http://java.oracle.com/"/>
    <property name="user.timezone" value="Asia/Shanghai"/>
    <property name="java.vm.specification.version" value="1.8"/>
    <property name="os.name" value="Windows 10"/>
    <property name="user.country" value="CN"/>
    <property name="sun.java.launcher" value="SUN_STANDARD"/>
    <property name="sun.boot.library.path" value="D:\durry\java\Java\jdk1.8.0_65\jre\bin"/>
    <property name="sun.java.command" value="C:\Users\Durry\AppData\Local\Temp\surefire3958401138318010186\surefirebooter1816468499393408388.jar C:\Users\Durry\AppData\Local\Temp\surefire3958401138318010186 2020-08-23T20-52-35_060-jvmRun1 surefire7928822344026745667tmp surefire_07321824166299336131tmp"/>
    <property name="surefire.test.class.path" value="F:\MyProjects\MyDisk\target\test-classes;F:\MyProjects\MyDisk\target\classes;D:\durry\maven\MavenRepository\org\springframework\boot\spring-boot-starter-web\2.1.2.RELEASE\spring-boot-starter-web-2.1.2.RELEASE.jar;D:\durry\maven\MavenRepository\org\springframework\boot\spring-boot-starter\2.1.2.RELEASE\spring-boot-starter-2.1.2.RELEASE.jar;D:\durry\maven\MavenRepository\javax\annotation\javax.annotation-api\1.3.2\javax.annotation-api-1.3.2.jar;D:\durry\maven\MavenRepository\org\yaml\snakeyaml\1.23\snakeyaml-1.23.jar;D:\durry\maven\MavenRepository\org\springframework\boot\spring-boot-starter-json\2.1.2.RELEASE\spring-boot-starter-json-2.1.2.RELEASE.jar;D:\durry\maven\MavenRepository\com\fasterxml\jackson\core\jackson-databind\2.9.8\jackson-databind-2.9.8.jar;D:\durry\maven\MavenRepository\com\fasterxml\jackson\core\jackson-annotations\2.9.0\jackson-annotations-2.9.0.jar;D:\durry\maven\MavenRepository\com\fasterxml\jackson\core\jackson-core\2.9.8\jackson-core-2.9.8.jar;D:\durry\maven\MavenRepository\com\fasterxml\jackson\datatype\jackson-datatype-jdk8\2.9.8\jackson-datatype-jdk8-2.9.8.jar;D:\durry\maven\MavenRepository\com\fasterxml\jackson\datatype\jackson-datatype-jsr310\2.9.8\jackson-datatype-jsr310-2.9.8.jar;D:\durry\maven\MavenRepository\com\fasterxml\jackson\module\jackson-module-parameter-names\2.9.8\jackson-module-parameter-names-2.9.8.jar;D:\durry\maven\MavenRepository\org\hibernate\validator\hibernate-validator\6.0.14.Final\hibernate-validator-6.0.14.Final.jar;D:\durry\maven\MavenRepository\javax\validation\validation-api\2.0.1.Final\validation-api-2.0.1.Final.jar;D:\durry\maven\MavenRepository\org\jboss\logging\jboss-logging\3.3.2.Final\jboss-logging-3.3.2.Final.jar;D:\durry\maven\MavenRepository\com\fasterxml\classmate\1.4.0\classmate-1.4.0.jar;D:\durry\maven\MavenRepository\org\springframework\spring-web\5.1.4.RELEASE\spring-web-5.1.4.RELEASE.jar;D:\durry\maven\MavenRepository\org\springframework\spring-webmvc\5.1.4.RELEASE\spring-webmvc-5.1.4.RELEASE.jar;D:\durry\maven\MavenRepository\org\springframework\spring-context\5.1.4.RELEASE\spring-context-5.1.4.RELEASE.jar;D:\durry\maven\MavenRepository\org\springframework\spring-expression\5.1.4.RELEASE\spring-expression-5.1.4.RELEASE.jar;D:\durry\maven\MavenRepository\org\springframework\boot\spring-boot-starter-log4j\1.3.8.RELEASE\spring-boot-starter-log4j-1.3.8.RELEASE.jar;D:\durry\maven\MavenRepository\org\slf4j\jcl-over-slf4j\1.7.25\jcl-over-slf4j-1.7.25.jar;D:\durry\maven\MavenRepository\org\slf4j\jul-to-slf4j\1.7.25\jul-to-slf4j-1.7.25.jar;D:\durry\maven\MavenRepository\org\slf4j\slf4j-log4j12\1.7.25\slf4j-log4j12-1.7.25.jar;D:\durry\maven\MavenRepository\log4j\log4j\1.2.17\log4j-1.2.17.jar;D:\durry\maven\MavenRepository\org\springframework\boot\spring-boot-starter-undertow\2.1.2.RELEASE\spring-boot-starter-undertow-2.1.2.RELEASE.jar;D:\durry\maven\MavenRepository\io\undertow\undertow-core\2.0.16.Final\undertow-core-2.0.16.Final.jar;D:\durry\maven\MavenRepository\org\jboss\xnio\xnio-api\3.3.8.Final\xnio-api-3.3.8.Final.jar;D:\durry\maven\MavenRepository\org\jboss\xnio\xnio-nio\3.3.8.Final\xnio-nio-3.3.8.Final.jar;D:\durry\maven\MavenRepository\io\undertow\undertow-servlet\2.0.16.Final\undertow-servlet-2.0.16.Final.jar;D:\durry\maven\MavenRepository\org\jboss\spec\javax\annotation\jboss-annotations-api_1.2_spec\1.0.2.Final\jboss-annotations-api_1.2_spec-1.0.2.Final.jar;D:\durry\maven\MavenRepository\io\undertow\undertow-websockets-jsr\2.0.16.Final\undertow-websockets-jsr-2.0.16.Final.jar;D:\durry\maven\MavenRepository\org\jboss\spec\javax\websocket\jboss-websocket-api_1.1_spec\1.1.3.Final\jboss-websocket-api_1.1_spec-1.1.3.Final.jar;D:\durry\maven\MavenRepository\javax\servlet\javax.servlet-api\4.0.1\javax.servlet-api-4.0.1.jar;D:\durry\maven\MavenRepository\org\glassfish\javax.el\3.0.0\javax.el-3.0.0.jar;D:\durry\maven\MavenRepository\org\springframework\boot\spring-boot-devtools\2.1.2.RELEASE\spring-boot-devtools-2.1.2.RELEASE.jar;D:\durry\maven\MavenRepository\org\springframework\boot\spring-boot\2.1.2.RELEASE\spring-boot-2.1.2.RELEASE.jar;D:\durry\maven\MavenRepository\org\springframework\boot\spring-boot-autoconfigure\2.1.2.RELEASE\spring-boot-autoconfigure-2.1.2.RELEASE.jar;D:\durry\maven\MavenRepository\org\springframework\spring-core\5.2.4.RELEASE\spring-core-5.2.4.RELEASE.jar;D:\durry\maven\MavenRepository\org\springframework\spring-jcl\5.1.4.RELEASE\spring-jcl-5.1.4.RELEASE.jar;D:\durry\maven\MavenRepository\org\springframework\spring-jdbc\5.2.4.RELEASE\spring-jdbc-5.2.4.RELEASE.jar;D:\durry\maven\MavenRepository\org\springframework\spring-beans\5.1.4.RELEASE\spring-beans-5.1.4.RELEASE.jar;D:\durry\maven\MavenRepository\org\springframework\spring-tx\5.1.4.RELEASE\spring-tx-5.1.4.RELEASE.jar;D:\durry\maven\MavenRepository\com\google\code\gson\gson\2.8.2\gson-2.8.2.jar;D:\durry\maven\MavenRepository\org\springframework\spring-aop\5.2.4.RELEASE\spring-aop-5.2.4.RELEASE.jar;D:\durry\maven\MavenRepository\org\springframework\boot\spring-boot-starter-test\2.1.2.RELEASE\spring-boot-starter-test-2.1.2.RELEASE.jar;D:\durry\maven\MavenRepository\org\springframework\boot\spring-boot-test\2.1.2.RELEASE\spring-boot-test-2.1.2.RELEASE.jar;D:\durry\maven\MavenRepository\org\springframework\boot\spring-boot-test-autoconfigure\2.1.2.RELEASE\spring-boot-test-autoconfigure-2.1.2.RELEASE.jar;D:\durry\maven\MavenRepository\com\jayway\jsonpath\json-path\2.4.0\json-path-2.4.0.jar;D:\durry\maven\MavenRepository\net\minidev\json-smart\2.3\json-smart-2.3.jar;D:\durry\maven\MavenRepository\net\minidev\accessors-smart\1.2\accessors-smart-1.2.jar;D:\durry\maven\MavenRepository\org\ow2\asm\asm\5.0.4\asm-5.0.4.jar;D:\durry\maven\MavenRepository\junit\junit\4.12\junit-4.12.jar;D:\durry\maven\MavenRepository\org\assertj\assertj-core\3.11.1\assertj-core-3.11.1.jar;D:\durry\maven\MavenRepository\org\mockito\mockito-core\2.23.4\mockito-core-2.23.4.jar;D:\durry\maven\MavenRepository\net\bytebuddy\byte-buddy\1.9.7\byte-buddy-1.9.7.jar;D:\durry\maven\MavenRepository\net\bytebuddy\byte-buddy-agent\1.9.7\byte-buddy-agent-1.9.7.jar;D:\durry\maven\MavenRepository\org\objenesis\objenesis\2.6\objenesis-2.6.jar;D:\durry\maven\MavenRepository\org\hamcrest\hamcrest-core\1.3\hamcrest-core-1.3.jar;D:\durry\maven\MavenRepository\org\hamcrest\hamcrest-library\1.3\hamcrest-library-1.3.jar;D:\durry\maven\MavenRepository\org\skyscreamer\jsonassert\1.5.0\jsonassert-1.5.0.jar;D:\durry\maven\MavenRepository\com\vaadin\external\google\android-json\0.0.20131108.vaadin1\android-json-0.0.20131108.vaadin1.jar;D:\durry\maven\MavenRepository\org\springframework\spring-test\5.1.4.RELEASE\spring-test-5.1.4.RELEASE.jar;D:\durry\maven\MavenRepository\org\xmlunit\xmlunit-core\2.6.2\xmlunit-core-2.6.2.jar;D:\durry\maven\MavenRepository\com\alibaba\fastjson\1.2.15\fastjson-1.2.15.jar;D:\durry\maven\MavenRepository\org\apache\hadoop\hadoop-common\2.5.2\hadoop-common-2.5.2.jar;D:\durry\maven\MavenRepository\org\apache\hadoop\hadoop-annotations\2.5.2\hadoop-annotations-2.5.2.jar;D:\durry\java\Java\jdk1.8.0_65\jre\..\lib\tools.jar;D:\durry\maven\MavenRepository\com\google\guava\guava\11.0.2\guava-11.0.2.jar;D:\durry\maven\MavenRepository\commons-cli\commons-cli\1.2\commons-cli-1.2.jar;D:\durry\maven\MavenRepository\org\apache\commons\commons-math3\3.1.1\commons-math3-3.1.1.jar;D:\durry\maven\MavenRepository\xmlenc\xmlenc\0.52\xmlenc-0.52.jar;D:\durry\maven\MavenRepository\commons-httpclient\commons-httpclient\3.1\commons-httpclient-3.1.jar;D:\durry\maven\MavenRepository\commons-codec\commons-codec\1.11\commons-codec-1.11.jar;D:\durry\maven\MavenRepository\commons-io\commons-io\2.4\commons-io-2.4.jar;D:\durry\maven\MavenRepository\commons-net\commons-net\3.1\commons-net-3.1.jar;D:\durry\maven\MavenRepository\commons-collections\commons-collections\3.2.1\commons-collections-3.2.1.jar;D:\durry\maven\MavenRepository\javax\servlet\servlet-api\2.5\servlet-api-2.5.jar;D:\durry\maven\MavenRepository\org\mortbay\jetty\jetty\6.1.26\jetty-6.1.26.jar;D:\durry\maven\MavenRepository\org\mortbay\jetty\jetty-util\6.1.26\jetty-util-6.1.26.jar;D:\durry\maven\MavenRepository\com\sun\jersey\jersey-core\1.9\jersey-core-1.9.jar;D:\durry\maven\MavenRepository\com\sun\jersey\jersey-json\1.9\jersey-json-1.9.jar;D:\durry\maven\MavenRepository\org\codehaus\jettison\jettison\1.1\jettison-1.1.jar;D:\durry\maven\MavenRepository\com\sun\xml\bind\jaxb-impl\2.2.3-1\jaxb-impl-2.2.3-1.jar;D:\durry\maven\MavenRepository\javax\xml\bind\jaxb-api\2.3.1\jaxb-api-2.3.1.jar;D:\durry\maven\MavenRepository\javax\activation\javax.activation-api\1.2.0\javax.activation-api-1.2.0.jar;D:\durry\maven\MavenRepository\org\codehaus\jackson\jackson-jaxrs\1.8.3\jackson-jaxrs-1.8.3.jar;D:\durry\maven\MavenRepository\org\codehaus\jackson\jackson-xc\1.8.3\jackson-xc-1.8.3.jar;D:\durry\maven\MavenRepository\com\sun\jersey\jersey-server\1.9\jersey-server-1.9.jar;D:\durry\maven\MavenRepository\asm\asm\3.1\asm-3.1.jar;D:\durry\maven\MavenRepository\tomcat\jasper-compiler\5.5.23\jasper-compiler-5.5.23.jar;D:\durry\maven\MavenRepository\tomcat\jasper-runtime\5.5.23\jasper-runtime-5.5.23.jar;D:\durry\maven\MavenRepository\javax\servlet\jsp\jsp-api\2.1\jsp-api-2.1.jar;D:\durry\maven\MavenRepository\commons-el\commons-el\1.0\commons-el-1.0.jar;D:\durry\maven\MavenRepository\commons-logging\commons-logging\1.1.3\commons-logging-1.1.3.jar;D:\durry\maven\MavenRepository\net\java\dev\jets3t\jets3t\0.9.0\jets3t-0.9.0.jar;D:\durry\maven\MavenRepository\org\apache\httpcomponents\httpclient\4.5.6\httpclient-4.5.6.jar;D:\durry\maven\MavenRepository\org\apache\httpcomponents\httpcore\4.4.10\httpcore-4.4.10.jar;D:\durry\maven\MavenRepository\com\jamesmurty\utils\java-xmlbuilder\0.4\java-xmlbuilder-0.4.jar;D:\durry\maven\MavenRepository\commons-lang\commons-lang\2.6\commons-lang-2.6.jar;D:\durry\maven\MavenRepository\commons-configuration\commons-configuration\1.6\commons-configuration-1.6.jar;D:\durry\maven\MavenRepository\commons-digester\commons-digester\1.8\commons-digester-1.8.jar;D:\durry\maven\MavenRepository\commons-beanutils\commons-beanutils\1.7.0\commons-beanutils-1.7.0.jar;D:\durry\maven\MavenRepository\commons-beanutils\commons-beanutils-core\1.8.0\commons-beanutils-core-1.8.0.jar;D:\durry\maven\MavenRepository\org\slf4j\slf4j-api\1.7.25\slf4j-api-1.7.25.jar;D:\durry\maven\MavenRepository\org\codehaus\jackson\jackson-core-asl\1.9.13\jackson-core-asl-1.9.13.jar;D:\durry\maven\MavenRepository\org\codehaus\jackson\jackson-mapper-asl\1.9.13\jackson-mapper-asl-1.9.13.jar;D:\durry\maven\MavenRepository\org\apache\avro\avro\1.7.4\avro-1.7.4.jar;D:\durry\maven\MavenRepository\com\thoughtworks\paranamer\paranamer\2.3\paranamer-2.3.jar;D:\durry\maven\MavenRepository\org\xerial\snappy\snappy-java\1.0.4.1\snappy-java-1.0.4.1.jar;D:\durry\maven\MavenRepository\com\google\protobuf\protobuf-java\2.5.0\protobuf-java-2.5.0.jar;D:\durry\maven\MavenRepository\org\apache\hadoop\hadoop-auth\2.5.2\hadoop-auth-2.5.2.jar;D:\durry\maven\MavenRepository\org\apache\directory\server\apacheds-kerberos-codec\2.0.0-M15\apacheds-kerberos-codec-2.0.0-M15.jar;D:\durry\maven\MavenRepository\org\apache\directory\server\apacheds-i18n\2.0.0-M15\apacheds-i18n-2.0.0-M15.jar;D:\durry\maven\MavenRepository\org\apache\directory\api\api-asn1-api\1.0.0-M20\api-asn1-api-1.0.0-M20.jar;D:\durry\maven\MavenRepository\org\apache\directory\api\api-util\1.0.0-M20\api-util-1.0.0-M20.jar;D:\durry\maven\MavenRepository\com\jcraft\jsch\0.1.42\jsch-0.1.42.jar;D:\durry\maven\MavenRepository\com\google\code\findbugs\jsr305\1.3.9\jsr305-1.3.9.jar;D:\durry\maven\MavenRepository\org\apache\zookeeper\zookeeper\3.4.6\zookeeper-3.4.6.jar;D:\durry\maven\MavenRepository\org\apache\commons\commons-compress\1.4.1\commons-compress-1.4.1.jar;D:\durry\maven\MavenRepository\org\tukaani\xz\1.0\xz-1.0.jar;D:\durry\maven\MavenRepository\org\apache\hadoop\hadoop-hdfs\2.5.2\hadoop-hdfs-2.5.2.jar;D:\durry\maven\MavenRepository\commons-daemon\commons-daemon\1.0.13\commons-daemon-1.0.13.jar;D:\durry\maven\MavenRepository\io\netty\netty\3.6.2.Final\netty-3.6.2.Final.jar;D:\durry\maven\MavenRepository\org\apache\hadoop\hadoop-client\2.5.2\hadoop-client-2.5.2.jar;D:\durry\maven\MavenRepository\org\apache\hadoop\hadoop-mapreduce-client-app\2.5.2\hadoop-mapreduce-client-app-2.5.2.jar;D:\durry\maven\MavenRepository\org\apache\hadoop\hadoop-mapreduce-client-common\2.5.2\hadoop-mapreduce-client-common-2.5.2.jar;D:\durry\maven\MavenRepository\org\apache\hadoop\hadoop-yarn-client\2.5.2\hadoop-yarn-client-2.5.2.jar;D:\durry\maven\MavenRepository\com\sun\jersey\jersey-client\1.9\jersey-client-1.9.jar;D:\durry\maven\MavenRepository\org\apache\hadoop\hadoop-yarn-server-common\2.5.2\hadoop-yarn-server-common-2.5.2.jar;D:\durry\maven\MavenRepository\org\apache\hadoop\hadoop-mapreduce-client-shuffle\2.5.2\hadoop-mapreduce-client-shuffle-2.5.2.jar;D:\durry\maven\MavenRepository\org\fusesource\leveldbjni\leveldbjni-all\1.8\leveldbjni-all-1.8.jar;D:\durry\maven\MavenRepository\org\apache\hadoop\hadoop-yarn-api\2.5.2\hadoop-yarn-api-2.5.2.jar;D:\durry\maven\MavenRepository\org\apache\hadoop\hadoop-mapreduce-client-core\2.5.2\hadoop-mapreduce-client-core-2.5.2.jar;D:\durry\maven\MavenRepository\org\apache\hadoop\hadoop-yarn-common\2.5.2\hadoop-yarn-common-2.5.2.jar;D:\durry\maven\MavenRepository\org\apache\hadoop\hadoop-mapreduce-client-jobclient\2.5.2\hadoop-mapreduce-client-jobclient-2.5.2.jar;D:\durry\maven\MavenRepository\org\mybatis\spring\boot\mybatis-spring-boot-starter\2.0.0\mybatis-spring-boot-starter-2.0.0.jar;D:\durry\maven\MavenRepository\org\springframework\boot\spring-boot-starter-jdbc\2.1.2.RELEASE\spring-boot-starter-jdbc-2.1.2.RELEASE.jar;D:\durry\maven\MavenRepository\com\zaxxer\HikariCP\3.2.0\HikariCP-3.2.0.jar;D:\durry\maven\MavenRepository\org\mybatis\spring\boot\mybatis-spring-boot-autoconfigure\2.0.0\mybatis-spring-boot-autoconfigure-2.0.0.jar;D:\durry\maven\MavenRepository\org\mybatis\mybatis\3.5.0\mybatis-3.5.0.jar;D:\durry\maven\MavenRepository\org\mybatis\mybatis-spring\2.0.0\mybatis-spring-2.0.0.jar;D:\durry\maven\MavenRepository\mysql\mysql-connector-java\5.1.38\mysql-connector-java-5.1.38.jar;"/>
    <property name="sun.cpu.endian" value="little"/>
    <property name="user.home" value="C:\Users\Durry"/>
    <property name="user.language" value="zh"/>
    <property name="java.specification.vendor" value="Oracle Corporation"/>
    <property name="java.home" value="D:\durry\java\Java\jdk1.8.0_65\jre"/>
    <property name="basedir" value="F:\MyProjects\MyDisk"/>
    <property name="file.separator" value="\"/>
    <property name="line.separator" value="&#10;"/>
    <property name="java.vm.specification.vendor" value="Oracle Corporation"/>
    <property name="java.specification.name" value="Java Platform API Specification"/>
    <property name="java.awt.graphicsenv" value="sun.awt.Win32GraphicsEnvironment"/>
    <property name="surefire.real.class.path" value="C:\Users\Durry\AppData\Local\Temp\surefire3958401138318010186\surefirebooter1816468499393408388.jar"/>
    <property name="sun.boot.class.path" value="D:\durry\java\Java\jdk1.8.0_65\jre\lib\resources.jar;D:\durry\java\Java\jdk1.8.0_65\jre\lib\rt.jar;D:\durry\java\Java\jdk1.8.0_65\jre\lib\sunrsasign.jar;D:\durry\java\Java\jdk1.8.0_65\jre\lib\jsse.jar;D:\durry\java\Java\jdk1.8.0_65\jre\lib\jce.jar;D:\durry\java\Java\jdk1.8.0_65\jre\lib\charsets.jar;D:\durry\java\Java\jdk1.8.0_65\jre\lib\jfr.jar;D:\durry\java\Java\jdk1.8.0_65\jre\classes"/>
    <property name="user.script" value=""/>
    <property name="sun.management.compiler" value="HotSpot 64-Bit Tiered Compilers"/>
    <property name="java.runtime.version" value="1.8.0_65-b17"/>
    <property name="user.name" value="Durry"/>
    <property name="path.separator" value=";"/>
    <property name="os.version" value="10.0"/>
    <property name="java.endorsed.dirs" value="D:\durry\java\Java\jdk1.8.0_65\jre\lib\endorsed"/>
    <property name="java.runtime.name" value="Java(TM) SE Runtime Environment"/>
    <property name="file.encoding" value="GBK"/>
    <property name="java.vm.name" value="Java HotSpot(TM) 64-Bit Server VM"/>
    <property name="localRepository" value="D:\durry\maven\MavenRepository"/>
    <property name="java.vendor.url.bug" value="http://bugreport.sun.com/bugreport/"/>
    <property name="java.io.tmpdir" value="C:\Users\Durry\AppData\Local\Temp\"/>
    <property name="java.version" value="1.8.0_65"/>
    <property name="user.dir" value="F:\MyProjects\MyDisk"/>
    <property name="os.arch" value="amd64"/>
    <property name="java.vm.specification.name" value="Java Virtual Machine Specification"/>
    <property name="java.awt.printerjob" value="sun.awt.windows.WPrinterJob"/>
    <property name="sun.os.patch.level" value=""/>
    <property name="java.library.path" value="D:\durry\java\Java\jdk1.8.0_65\jre\bin;C:\Windows\Sun\Java\bin;C:\Windows\system32;C:\Windows;D:/durry/java/Java/jdk1.8.0_65/bin/../jre/bin/server;D:/durry/java/Java/jdk1.8.0_65/bin/../jre/bin;D:/durry/java/Java/jdk1.8.0_65/bin/../jre/lib/amd64;C:\Windows\system32;C:\Windows;C:\Windows\System32\Wbem;C:\Windows\System32\WindowsPowerShell\v1.0\;C:\Windows\System32\OpenSSH\;D:\durry\java\Java\jdk1.8.0_65\bin;E:\Download\apache-maven-3.6.3\bin;D:\durry\maven\maven3.6\bin;D:\durry\VScode\Microsoft VS Code\bin;D:\durry\hadoop\hadoop-2.5.2\bin;D:\durry\hadoop\hadoop-2.5.2\sbin;D:\durry\Git\cmd;E:\rds\64bit;D:\durry\scala\scala2132\bin;D:\durry\spark\spark245-hadoop27\bin;D:\durry\hive\hive122\bin;C:\Program Files\MySQL\MySQL Server 5.5\bin;D:\durry\python\python;D:\durry\python\python\Library\mingw-w64\bin;D:\durry\python\python\Library\usr\bin;D:\durry\python\python\Library\bin;D:\durry\python\python\Scripts;C:\Users\Durry\AppData\Local\Microsoft\WindowsApps;D:\durry\hadoop\Hadoop_hdfs\eclipse;;."/>
    <property name="java.vm.info" value="mixed mode"/>
    <property name="java.vendor" value="Oracle Corporation"/>
    <property name="java.vm.version" value="25.65-b01"/>
    <property name="java.ext.dirs" value="D:\durry\java\Java\jdk1.8.0_65\jre\lib\ext;C:\Windows\Sun\Java\lib\ext"/>
    <property name="sun.io.unicode.encoding" value="UnicodeLittle"/>
    <property name="java.class.version" value="52.0"/>
  </properties>
  <testcase name="a" classname="a.MyDisk.AppTest" time="11.114"/>
</testsuite>